Traceback (most recent call last):
  File "/opt/hostedtoolcache/Python/3.9.16/x64/lib/python3.9/site-packages/jupyter_cache/executors/utils.py", line 58, in single_nb_execution
    executenb(
  File "/opt/hostedtoolcache/Python/3.9.16/x64/lib/python3.9/site-packages/nbclient/client.py", line 1204, in execute
    return NotebookClient(nb=nb, resources=resources, km=km, **kwargs).execute()
  File "/opt/hostedtoolcache/Python/3.9.16/x64/lib/python3.9/site-packages/nbclient/util.py", line 84, in wrapped
    return just_run(coro(*args, **kwargs))
  File "/opt/hostedtoolcache/Python/3.9.16/x64/lib/python3.9/site-packages/nbclient/util.py", line 62, in just_run
    return loop.run_until_complete(coro)
  File "/opt/hostedtoolcache/Python/3.9.16/x64/lib/python3.9/asyncio/base_events.py", line 647, in run_until_complete
    return future.result()
  File "/opt/hostedtoolcache/Python/3.9.16/x64/lib/python3.9/site-packages/nbclient/client.py", line 663, in async_execute
    await self.async_execute_cell(
  File "/opt/hostedtoolcache/Python/3.9.16/x64/lib/python3.9/site-packages/nbclient/client.py", line 965, in async_execute_cell
    await self._check_raise_for_error(cell, cell_index, exec_reply)
  File "/opt/hostedtoolcache/Python/3.9.16/x64/lib/python3.9/site-packages/nbclient/client.py", line 862, in _check_raise_for_error
    raise CellExecutionError.from_cell_and_msg(cell, exec_reply_content)
nbclient.exceptions.CellExecutionError: An error occurred while executing the following cell:
------------------
from cvx.util import minimize, cvx

R = [-1.0, 2.0, 3.0, 2.0, 4.0, 2.0, 0.0, 1.0, -2.0, -2.0]

n = len(R)
# We are interested in CVaR for alpha=0.80, e.g. what's the mean of the 20% of the biggest losses
alpha = 0.80

# introduce the variable for the var
gamma = cvx.Variable(1) 
cvar = minimize(objective=gamma + 1.0/(n*(1-alpha)) * cvx.sum(cvx.pos(R - gamma)))

print("A minimizer of f (<= VaR):  {0}".format(gamma.value))
print("Minimum of f (== CVaR):     {0}".format(cvar))

x = cvx.lambda_sum_largest(R, k=n*(1-alpha))
print(x.value)

------------------

[0;31m---------------------------------------------------------------------------[0m
[0;31mValueError[0m                                Traceback (most recent call last)
Cell [0;32mIn[3], line 16[0m
[1;32m     13[0m [38;5;28mprint[39m([38;5;124m"[39m[38;5;124mA minimizer of f (<= VaR):  [39m[38;5;132;01m{0}[39;00m[38;5;124m"[39m[38;5;241m.[39mformat(gamma[38;5;241m.[39mvalue))
[1;32m     14[0m [38;5;28mprint[39m([38;5;124m"[39m[38;5;124mMinimum of f (== CVaR):     [39m[38;5;132;01m{0}[39;00m[38;5;124m"[39m[38;5;241m.[39mformat(cvar))
[0;32m---> 16[0m x [38;5;241m=[39m [43mcvx[49m[38;5;241;43m.[39;49m[43mlambda_sum_largest[49m[43m([49m[43mR[49m[43m,[49m[43m [49m[43mk[49m[38;5;241;43m=[39;49m[43mn[49m[38;5;241;43m*[39;49m[43m([49m[38;5;241;43m1[39;49m[38;5;241;43m-[39;49m[43malpha[49m[43m)[49m[43m)[49m
[1;32m     17[0m [38;5;28mprint[39m(x[38;5;241m.[39mvalue)

File [0;32m/opt/hostedtoolcache/Python/3.9.16/x64/lib/python3.9/site-packages/cvxpy/atoms/lambda_sum_largest.py:31[0m, in [0;36mlambda_sum_largest.__init__[0;34m(self, X, k)[0m
[1;32m     29[0m [38;5;28;01mdef[39;00m [38;5;21m__init__[39m([38;5;28mself[39m, X, k) [38;5;241m-[39m[38;5;241m>[39m [38;5;28;01mNone[39;00m:
[1;32m     30[0m     [38;5;28mself[39m[38;5;241m.[39mk [38;5;241m=[39m k
[0;32m---> 31[0m     [38;5;28;43msuper[39;49m[43m([49m[43mlambda_sum_largest[49m[43m,[49m[43m [49m[38;5;28;43mself[39;49m[43m)[49m[38;5;241;43m.[39;49m[38;5;21;43m__init__[39;49m[43m([49m[43mX[49m[43m)[49m

File [0;32m/opt/hostedtoolcache/Python/3.9.16/x64/lib/python3.9/site-packages/cvxpy/atoms/lambda_max.py:31[0m, in [0;36mlambda_max.__init__[0;34m(self, A)[0m
[1;32m     30[0m [38;5;28;01mdef[39;00m [38;5;21m__init__[39m([38;5;28mself[39m, A) [38;5;241m-[39m[38;5;241m>[39m [38;5;28;01mNone[39;00m:
[0;32m---> 31[0m     [38;5;28;43msuper[39;49m[43m([49m[43mlambda_max[49m[43m,[49m[43m [49m[38;5;28;43mself[39;49m[43m)[49m[38;5;241;43m.[39;49m[38;5;21;43m__init__[39;49m[43m([49m[43mA[49m[43m)[49m

File [0;32m/opt/hostedtoolcache/Python/3.9.16/x64/lib/python3.9/site-packages/cvxpy/atoms/atom.py:50[0m, in [0;36mAtom.__init__[0;34m(self, *args)[0m
[1;32m     48[0m [38;5;66;03m# Convert raw values to Constants.[39;00m
[1;32m     49[0m [38;5;28mself[39m[38;5;241m.[39margs [38;5;241m=[39m [Atom[38;5;241m.[39mcast_to_const(arg) [38;5;28;01mfor[39;00m arg [38;5;129;01min[39;00m args]
[0;32m---> 50[0m [38;5;28;43mself[39;49m[38;5;241;43m.[39;49m[43mvalidate_arguments[49m[43m([49m[43m)[49m
[1;32m     51[0m [38;5;28mself[39m[38;5;241m.[39m_shape [38;5;241m=[39m [38;5;28mself[39m[38;5;241m.[39mshape_from_args()
[1;32m     52[0m [38;5;28;01mif[39;00m [38;5;28mlen[39m([38;5;28mself[39m[38;5;241m.[39m_shape) [38;5;241m>[39m [38;5;241m2[39m:

File [0;32m/opt/hostedtoolcache/Python/3.9.16/x64/lib/python3.9/site-packages/cvxpy/atoms/lambda_sum_largest.py:38[0m, in [0;36mlambda_sum_largest.validate_arguments[0;34m(self)[0m
[1;32m     36[0m X [38;5;241m=[39m [38;5;28mself[39m[38;5;241m.[39margs[[38;5;241m0[39m]
[1;32m     37[0m [38;5;28;01mif[39;00m [38;5;129;01mnot[39;00m X[38;5;241m.[39mndim [38;5;241m==[39m [38;5;241m2[39m [38;5;129;01mor[39;00m X[38;5;241m.[39mshape[[38;5;241m0[39m] [38;5;241m!=[39m X[38;5;241m.[39mshape[[38;5;241m1[39m]:
[0;32m---> 38[0m     [38;5;28;01mraise[39;00m [38;5;167;01mValueError[39;00m([38;5;124m"[39m[38;5;124mFirst argument must be a square matrix.[39m[38;5;124m"[39m)
[1;32m     39[0m [38;5;28;01melif[39;00m [38;5;28mint[39m([38;5;28mself[39m[38;5;241m.[39mk) [38;5;241m!=[39m [38;5;28mself[39m[38;5;241m.[39mk [38;5;129;01mor[39;00m [38;5;28mself[39m[38;5;241m.[39mk [38;5;241m<[39m[38;5;241m=[39m [38;5;241m0[39m:
[1;32m     40[0m     [38;5;28;01mraise[39;00m [38;5;167;01mValueError[39;00m([38;5;124m"[39m[38;5;124mSecond argument must be a positive integer.[39m[38;5;124m"[39m)

[0;31mValueError[0m: First argument must be a square matrix.
ValueError: First argument must be a square matrix.

