Traceback (most recent call last):
  File "/opt/hostedtoolcache/Python/3.9.17/x64/lib/python3.9/site-packages/jupyter_cache/executors/utils.py", line 58, in single_nb_execution
    executenb(
  File "/opt/hostedtoolcache/Python/3.9.17/x64/lib/python3.9/site-packages/nbclient/client.py", line 1305, in execute
    return NotebookClient(nb=nb, resources=resources, km=km, **kwargs).execute()
  File "/opt/hostedtoolcache/Python/3.9.17/x64/lib/python3.9/site-packages/jupyter_core/utils/__init__.py", line 166, in wrapped
    return loop.run_until_complete(inner)
  File "/opt/hostedtoolcache/Python/3.9.17/x64/lib/python3.9/asyncio/base_events.py", line 647, in run_until_complete
    return future.result()
  File "/opt/hostedtoolcache/Python/3.9.17/x64/lib/python3.9/site-packages/nbclient/client.py", line 705, in async_execute
    await self.async_execute_cell(
  File "/opt/hostedtoolcache/Python/3.9.17/x64/lib/python3.9/site-packages/nbclient/client.py", line 1058, in async_execute_cell
    await self._check_raise_for_error(cell, cell_index, exec_reply)
  File "/opt/hostedtoolcache/Python/3.9.17/x64/lib/python3.9/site-packages/nbclient/client.py", line 914, in _check_raise_for_error
    raise CellExecutionError.from_cell_and_msg(cell, exec_reply_content)
nbclient.exceptions.CellExecutionError: An error occurred while executing the following cell:
------------------
r = pd.Series([1.0, -2.0, 1.0, 1.0, 1.5, 0.0, 2.0])
weights = [2.0, 1.0]
# trendfollowing == positive weights
x=pd.DataFrame()
x["r"] = r
x["pred"] = convolution(r, weights)
x["before"] = x["pred"].shift(1)
print(x)
print(x.corr())
------------------


[0;31m---------------------------------------------------------------------------[0m
[0;31mModuleNotFoundError[0m                       Traceback (most recent call last)
Cell [0;32mIn[3], line 6[0m
[1;32m      4[0m x[38;5;241m=[39mpd[38;5;241m.[39mDataFrame()
[1;32m      5[0m x[[38;5;124m"[39m[38;5;124mr[39m[38;5;124m"[39m] [38;5;241m=[39m r
[0;32m----> 6[0m x[[38;5;124m"[39m[38;5;124mpred[39m[38;5;124m"[39m] [38;5;241m=[39m [43mconvolution[49m[43m([49m[43mr[49m[43m,[49m[43m [49m[43mweights[49m[43m)[49m
[1;32m      7[0m x[[38;5;124m"[39m[38;5;124mbefore[39m[38;5;124m"[39m] [38;5;241m=[39m x[[38;5;124m"[39m[38;5;124mpred[39m[38;5;124m"[39m][38;5;241m.[39mshift([38;5;241m1[39m)
[1;32m      8[0m [38;5;28mprint[39m(x)

Cell [0;32mIn[2], line 2[0m, in [0;36mconvolution[0;34m(ts, weights)[0m
[1;32m      1[0m [38;5;28;01mdef[39;00m [38;5;21mconvolution[39m(ts, weights):
[0;32m----> 2[0m     [38;5;28;01mfrom[39;00m [38;5;21;01mstatsmodels[39;00m[38;5;21;01m.[39;00m[38;5;21;01mtsa[39;00m[38;5;21;01m.[39;00m[38;5;21;01mfilters[39;00m[38;5;21;01m.[39;00m[38;5;21;01mfiltertools[39;00m [38;5;28;01mimport[39;00m convolution_filter
[1;32m      3[0m     [38;5;28;01mreturn[39;00m convolution_filter(ts, weights, nsides[38;5;241m=[39m[38;5;241m1[39m)

[0;31mModuleNotFoundError[0m: No module named 'statsmodels'

