Traceback (most recent call last):
  File "/opt/hostedtoolcache/Python/3.9.19/x64/lib/python3.9/site-packages/jupyter_cache/executors/utils.py", line 58, in single_nb_execution
    executenb(
  File "/opt/hostedtoolcache/Python/3.9.19/x64/lib/python3.9/site-packages/nbclient/client.py", line 1314, in execute
    return NotebookClient(nb=nb, resources=resources, km=km, **kwargs).execute()
  File "/opt/hostedtoolcache/Python/3.9.19/x64/lib/python3.9/site-packages/jupyter_core/utils/__init__.py", line 165, in wrapped
    return loop.run_until_complete(inner)
  File "/opt/hostedtoolcache/Python/3.9.19/x64/lib/python3.9/asyncio/base_events.py", line 647, in run_until_complete
    return future.result()
  File "/opt/hostedtoolcache/Python/3.9.19/x64/lib/python3.9/site-packages/nbclient/client.py", line 709, in async_execute
    await self.async_execute_cell(
  File "/opt/hostedtoolcache/Python/3.9.19/x64/lib/python3.9/site-packages/nbclient/client.py", line 1062, in async_execute_cell
    await self._check_raise_for_error(cell, cell_index, exec_reply)
  File "/opt/hostedtoolcache/Python/3.9.19/x64/lib/python3.9/site-packages/nbclient/client.py", line 918, in _check_raise_for_error
    raise CellExecutionError.from_cell_and_msg(cell, exec_reply_content)
nbclient.exceptions.CellExecutionError: An error occurred while executing the following cell:
------------------
from cvx.util import cvx, maximize

# make some random data, e.g. cov-matrix and expected returns
n = 100
c = 0.9
C = c * np.ones((n, n)) + (1 - c) * np.eye(n)
mu = 0.05 * np.sin(range(0, n))
# maximal volatility and leverage...
sigma_max = 1.0
excess = 0.3

x = cvx.Variable(n)
constraints = [cvx.sum(x)==1, cvx.norm(x,1)<=1+2*excess, cvx.quad_form(x,C)<=sigma_max*sigma_max]
maximize(objective=x.T*mu, constraints=constraints)
f = x.value

print("Sum of positive weights: {0}".format(np.sum(f[f > 0])))
print("Sum of negative weights: {0}".format(np.sum(f[f < 0])))
print("Sum of all weights:      {0}".format(np.sum(f)))
------------------

----- stderr -----

A module that was compiled using NumPy 1.x cannot be run in
NumPy 2.0.0 as it may crash. To support both 1.x and 2.x
versions of NumPy, modules must be compiled with NumPy 2.0.
Some module may need to rebuild instead e.g. with 'pybind11>=2.12'.

If you are a user of the module, the easiest solution will be to
downgrade to 'numpy<2' or try to upgrade the affected module.
We expect that some modules will need time to support NumPy 2.

Traceback (most recent call last):  File "/opt/hostedtoolcache/Python/3.9.19/x64/lib/python3.9/runpy.py", line 197, in _run_module_as_main
    return _run_code(code, main_globals, None,
  File "/opt/hostedtoolcache/Python/3.9.19/x64/lib/python3.9/runpy.py", line 87, in _run_code
    exec(code, run_globals)
  File "/opt/hostedtoolcache/Python/3.9.19/x64/lib/python3.9/site-packages/ipykernel_launcher.py", line 18, in <module>
    app.launch_new_instance()
  File "/opt/hostedtoolcache/Python/3.9.19/x64/lib/python3.9/site-packages/traitlets/config/application.py", line 1075, in launch_instance
    app.start()
  File "/opt/hostedtoolcache/Python/3.9.19/x64/lib/python3.9/site-packages/ipykernel/kernelapp.py", line 739, in start
    self.io_loop.start()
  File "/opt/hostedtoolcache/Python/3.9.19/x64/lib/python3.9/site-packages/tornado/platform/asyncio.py", line 205, in start
    self.asyncio_loop.run_forever()
  File "/opt/hostedtoolcache/Python/3.9.19/x64/lib/python3.9/asyncio/base_events.py", line 601, in run_forever
    self._run_once()
  File "/opt/hostedtoolcache/Python/3.9.19/x64/lib/python3.9/asyncio/base_events.py", line 1905, in _run_once
    handle._run()
  File "/opt/hostedtoolcache/Python/3.9.19/x64/lib/python3.9/asyncio/events.py", line 80, in _run
    self._context.run(self._callback, *self._args)
  File "/opt/hostedtoolcache/Python/3.9.19/x64/lib/python3.9/site-packages/ipykernel/kernelbase.py", line 545, in dispatch_queue
    await self.process_one()
  File "/opt/hostedtoolcache/Python/3.9.19/x64/lib/python3.9/site-packages/ipykernel/kernelbase.py", line 534, in process_one
    await dispatch(*args)
  File "/opt/hostedtoolcache/Python/3.9.19/x64/lib/python3.9/site-packages/ipykernel/kernelbase.py", line 437, in dispatch_shell
    await result
  File "/opt/hostedtoolcache/Python/3.9.19/x64/lib/python3.9/site-packages/ipykernel/ipkernel.py", line 362, in execute_request
    await super().execute_request(stream, ident, parent)
  File "/opt/hostedtoolcache/Python/3.9.19/x64/lib/python3.9/site-packages/ipykernel/kernelbase.py", line 778, in execute_request
    reply_content = await reply_content
  File "/opt/hostedtoolcache/Python/3.9.19/x64/lib/python3.9/site-packages/ipykernel/ipkernel.py", line 449, in do_execute
    res = shell.run_cell(
  File "/opt/hostedtoolcache/Python/3.9.19/x64/lib/python3.9/site-packages/ipykernel/zmqshell.py", line 549, in run_cell
    return super().run_cell(*args, **kwargs)
  File "/opt/hostedtoolcache/Python/3.9.19/x64/lib/python3.9/site-packages/IPython/core/interactiveshell.py", line 3048, in run_cell
    result = self._run_cell(
  File "/opt/hostedtoolcache/Python/3.9.19/x64/lib/python3.9/site-packages/IPython/core/interactiveshell.py", line 3103, in _run_cell
    result = runner(coro)
  File "/opt/hostedtoolcache/Python/3.9.19/x64/lib/python3.9/site-packages/IPython/core/async_helpers.py", line 129, in _pseudo_sync_runner
    coro.send(None)
  File "/opt/hostedtoolcache/Python/3.9.19/x64/lib/python3.9/site-packages/IPython/core/interactiveshell.py", line 3308, in run_cell_async
    has_raised = await self.run_ast_nodes(code_ast.body, cell_name,
  File "/opt/hostedtoolcache/Python/3.9.19/x64/lib/python3.9/site-packages/IPython/core/interactiveshell.py", line 3490, in run_ast_nodes
    if await self.run_code(code, result, async_=asy):
  File "/opt/hostedtoolcache/Python/3.9.19/x64/lib/python3.9/site-packages/IPython/core/interactiveshell.py", line 3550, in run_code
    exec(code_obj, self.user_global_ns, self.user_ns)
  File "/tmp/ipykernel_1940/182719127.py", line 1, in <module>
    from cvx.util import cvx, maximize
  File "/home/runner/work/epfl/epfl/book/docs/cvx/util.py", line 2, in <module>
    import cvxpy as cvx
  File "/opt/hostedtoolcache/Python/3.9.19/x64/lib/python3.9/site-packages/cvxpy/__init__.py", line 19, in <module>
    from cvxpy.atoms import *
  File "/opt/hostedtoolcache/Python/3.9.19/x64/lib/python3.9/site-packages/cvxpy/atoms/__init__.py", line 17, in <module>
    from cvxpy.atoms.affine.binary_operators import (matmul, multiply,
  File "/opt/hostedtoolcache/Python/3.9.19/x64/lib/python3.9/site-packages/cvxpy/atoms/affine/binary_operators.py", line 30, in <module>
    from cvxpy.atoms.affine.add_expr import AddExpression
  File "/opt/hostedtoolcache/Python/3.9.19/x64/lib/python3.9/site-packages/cvxpy/atoms/affine/add_expr.py", line 23, in <module>
    from cvxpy.atoms.affine.affine_atom import AffAtom
  File "/opt/hostedtoolcache/Python/3.9.19/x64/lib/python3.9/site-packages/cvxpy/atoms/affine/affine_atom.py", line 25, in <module>
    from cvxpy.cvxcore.python import canonInterface
  File "/opt/hostedtoolcache/Python/3.9.19/x64/lib/python3.9/site-packages/cvxpy/cvxcore/python/__init__.py", line 11, in <module>
    import _cvxcore
----- stderr -----

A module that was compiled using NumPy 1.x cannot be run in
NumPy 2.0.0 as it may crash. To support both 1.x and 2.x
versions of NumPy, modules must be compiled with NumPy 2.0.
Some module may need to rebuild instead e.g. with 'pybind11>=2.12'.

If you are a user of the module, the easiest solution will be to
downgrade to 'numpy<2' or try to upgrade the affected module.
We expect that some modules will need time to support NumPy 2.

Traceback (most recent call last):  File "/opt/hostedtoolcache/Python/3.9.19/x64/lib/python3.9/runpy.py", line 197, in _run_module_as_main
    return _run_code(code, main_globals, None,
  File "/opt/hostedtoolcache/Python/3.9.19/x64/lib/python3.9/runpy.py", line 87, in _run_code
    exec(code, run_globals)
  File "/opt/hostedtoolcache/Python/3.9.19/x64/lib/python3.9/site-packages/ipykernel_launcher.py", line 18, in <module>
    app.launch_new_instance()
  File "/opt/hostedtoolcache/Python/3.9.19/x64/lib/python3.9/site-packages/traitlets/config/application.py", line 1075, in launch_instance
    app.start()
  File "/opt/hostedtoolcache/Python/3.9.19/x64/lib/python3.9/site-packages/ipykernel/kernelapp.py", line 739, in start
    self.io_loop.start()
  File "/opt/hostedtoolcache/Python/3.9.19/x64/lib/python3.9/site-packages/tornado/platform/asyncio.py", line 205, in start
    self.asyncio_loop.run_forever()
  File "/opt/hostedtoolcache/Python/3.9.19/x64/lib/python3.9/asyncio/base_events.py", line 601, in run_forever
    self._run_once()
  File "/opt/hostedtoolcache/Python/3.9.19/x64/lib/python3.9/asyncio/base_events.py", line 1905, in _run_once
    handle._run()
  File "/opt/hostedtoolcache/Python/3.9.19/x64/lib/python3.9/asyncio/events.py", line 80, in _run
    self._context.run(self._callback, *self._args)
  File "/opt/hostedtoolcache/Python/3.9.19/x64/lib/python3.9/site-packages/ipykernel/kernelbase.py", line 545, in dispatch_queue
    await self.process_one()
  File "/opt/hostedtoolcache/Python/3.9.19/x64/lib/python3.9/site-packages/ipykernel/kernelbase.py", line 534, in process_one
    await dispatch(*args)
  File "/opt/hostedtoolcache/Python/3.9.19/x64/lib/python3.9/site-packages/ipykernel/kernelbase.py", line 437, in dispatch_shell
    await result
  File "/opt/hostedtoolcache/Python/3.9.19/x64/lib/python3.9/site-packages/ipykernel/ipkernel.py", line 362, in execute_request
    await super().execute_request(stream, ident, parent)
  File "/opt/hostedtoolcache/Python/3.9.19/x64/lib/python3.9/site-packages/ipykernel/kernelbase.py", line 778, in execute_request
    reply_content = await reply_content
  File "/opt/hostedtoolcache/Python/3.9.19/x64/lib/python3.9/site-packages/ipykernel/ipkernel.py", line 449, in do_execute
    res = shell.run_cell(
  File "/opt/hostedtoolcache/Python/3.9.19/x64/lib/python3.9/site-packages/ipykernel/zmqshell.py", line 549, in run_cell
    return super().run_cell(*args, **kwargs)
  File "/opt/hostedtoolcache/Python/3.9.19/x64/lib/python3.9/site-packages/IPython/core/interactiveshell.py", line 3048, in run_cell
    result = self._run_cell(
  File "/opt/hostedtoolcache/Python/3.9.19/x64/lib/python3.9/site-packages/IPython/core/interactiveshell.py", line 3103, in _run_cell
    result = runner(coro)
  File "/opt/hostedtoolcache/Python/3.9.19/x64/lib/python3.9/site-packages/IPython/core/async_helpers.py", line 129, in _pseudo_sync_runner
    coro.send(None)
  File "/opt/hostedtoolcache/Python/3.9.19/x64/lib/python3.9/site-packages/IPython/core/interactiveshell.py", line 3308, in run_cell_async
    has_raised = await self.run_ast_nodes(code_ast.body, cell_name,
  File "/opt/hostedtoolcache/Python/3.9.19/x64/lib/python3.9/site-packages/IPython/core/interactiveshell.py", line 3490, in run_ast_nodes
    if await self.run_code(code, result, async_=asy):
  File "/opt/hostedtoolcache/Python/3.9.19/x64/lib/python3.9/site-packages/IPython/core/interactiveshell.py", line 3550, in run_code
    exec(code_obj, self.user_global_ns, self.user_ns)
  File "/tmp/ipykernel_1940/182719127.py", line 1, in <module>
    from cvx.util import cvx, maximize
  File "/home/runner/work/epfl/epfl/book/docs/cvx/util.py", line 2, in <module>
    import cvxpy as cvx
  File "/opt/hostedtoolcache/Python/3.9.19/x64/lib/python3.9/site-packages/cvxpy/__init__.py", line 56, in <module>
    from cvxpy.problems.problem import Problem as Problem
  File "/opt/hostedtoolcache/Python/3.9.19/x64/lib/python3.9/site-packages/cvxpy/problems/problem.py", line 38, in <module>
    from cvxpy.reductions import InverseData
  File "/opt/hostedtoolcache/Python/3.9.19/x64/lib/python3.9/site-packages/cvxpy/reductions/__init__.py", line 31, in <module>
    from cvxpy.reductions.solvers.solving_chain import SolvingChain
  File "/opt/hostedtoolcache/Python/3.9.19/x64/lib/python3.9/site-packages/cvxpy/reductions/solvers/solving_chain.py", line 43, in <module>
    from cvxpy.reductions.solvers import defines as slv_def
  File "/opt/hostedtoolcache/Python/3.9.19/x64/lib/python3.9/site-packages/cvxpy/reductions/solvers/defines.py", line 117, in <module>
    INSTALLED_SOLVERS = installed_solvers()
  File "/opt/hostedtoolcache/Python/3.9.19/x64/lib/python3.9/site-packages/cvxpy/reductions/solvers/defines.py", line 106, in installed_solvers
    if solver.is_installed():
  File "/opt/hostedtoolcache/Python/3.9.19/x64/lib/python3.9/site-packages/cvxpy/reductions/solvers/solver.py", line 61, in is_installed
    self.import_solver()
  File "/opt/hostedtoolcache/Python/3.9.19/x64/lib/python3.9/site-packages/cvxpy/reductions/solvers/conic_solvers/ecos_conif.py", line 76, in import_solver
    import ecos  # noqa F401
  File "/opt/hostedtoolcache/Python/3.9.19/x64/lib/python3.9/site-packages/ecos/__init__.py", line 1, in <module>
    from .ecos import solve, __solver_version__
  File "/opt/hostedtoolcache/Python/3.9.19/x64/lib/python3.9/site-packages/ecos/ecos.py", line 1, in <module>
    import _ecos
----- stdout -----
(CVXPY) Jun 17 11:11:03 PM: Encountered unexpected exception importing solver ECOS:
ImportError('numpy.core.multiarray failed to import')
----- stderr -----

A module that was compiled using NumPy 1.x cannot be run in
NumPy 2.0.0 as it may crash. To support both 1.x and 2.x
versions of NumPy, modules must be compiled with NumPy 2.0.
Some module may need to rebuild instead e.g. with 'pybind11>=2.12'.

If you are a user of the module, the easiest solution will be to
downgrade to 'numpy<2' or try to upgrade the affected module.
We expect that some modules will need time to support NumPy 2.

Traceback (most recent call last):  File "/opt/hostedtoolcache/Python/3.9.19/x64/lib/python3.9/runpy.py", line 197, in _run_module_as_main
    return _run_code(code, main_globals, None,
  File "/opt/hostedtoolcache/Python/3.9.19/x64/lib/python3.9/runpy.py", line 87, in _run_code
    exec(code, run_globals)
  File "/opt/hostedtoolcache/Python/3.9.19/x64/lib/python3.9/site-packages/ipykernel_launcher.py", line 18, in <module>
    app.launch_new_instance()
  File "/opt/hostedtoolcache/Python/3.9.19/x64/lib/python3.9/site-packages/traitlets/config/application.py", line 1075, in launch_instance
    app.start()
  File "/opt/hostedtoolcache/Python/3.9.19/x64/lib/python3.9/site-packages/ipykernel/kernelapp.py", line 739, in start
    self.io_loop.start()
  File "/opt/hostedtoolcache/Python/3.9.19/x64/lib/python3.9/site-packages/tornado/platform/asyncio.py", line 205, in start
    self.asyncio_loop.run_forever()
  File "/opt/hostedtoolcache/Python/3.9.19/x64/lib/python3.9/asyncio/base_events.py", line 601, in run_forever
    self._run_once()
  File "/opt/hostedtoolcache/Python/3.9.19/x64/lib/python3.9/asyncio/base_events.py", line 1905, in _run_once
    handle._run()
  File "/opt/hostedtoolcache/Python/3.9.19/x64/lib/python3.9/asyncio/events.py", line 80, in _run
    self._context.run(self._callback, *self._args)
  File "/opt/hostedtoolcache/Python/3.9.19/x64/lib/python3.9/site-packages/ipykernel/kernelbase.py", line 545, in dispatch_queue
    await self.process_one()
  File "/opt/hostedtoolcache/Python/3.9.19/x64/lib/python3.9/site-packages/ipykernel/kernelbase.py", line 534, in process_one
    await dispatch(*args)
  File "/opt/hostedtoolcache/Python/3.9.19/x64/lib/python3.9/site-packages/ipykernel/kernelbase.py", line 437, in dispatch_shell
    await result
  File "/opt/hostedtoolcache/Python/3.9.19/x64/lib/python3.9/site-packages/ipykernel/ipkernel.py", line 362, in execute_request
    await super().execute_request(stream, ident, parent)
  File "/opt/hostedtoolcache/Python/3.9.19/x64/lib/python3.9/site-packages/ipykernel/kernelbase.py", line 778, in execute_request
    reply_content = await reply_content
  File "/opt/hostedtoolcache/Python/3.9.19/x64/lib/python3.9/site-packages/ipykernel/ipkernel.py", line 449, in do_execute
    res = shell.run_cell(
  File "/opt/hostedtoolcache/Python/3.9.19/x64/lib/python3.9/site-packages/ipykernel/zmqshell.py", line 549, in run_cell
    return super().run_cell(*args, **kwargs)
  File "/opt/hostedtoolcache/Python/3.9.19/x64/lib/python3.9/site-packages/IPython/core/interactiveshell.py", line 3048, in run_cell
    result = self._run_cell(
  File "/opt/hostedtoolcache/Python/3.9.19/x64/lib/python3.9/site-packages/IPython/core/interactiveshell.py", line 3103, in _run_cell
    result = runner(coro)
  File "/opt/hostedtoolcache/Python/3.9.19/x64/lib/python3.9/site-packages/IPython/core/async_helpers.py", line 129, in _pseudo_sync_runner
    coro.send(None)
  File "/opt/hostedtoolcache/Python/3.9.19/x64/lib/python3.9/site-packages/IPython/core/interactiveshell.py", line 3308, in run_cell_async
    has_raised = await self.run_ast_nodes(code_ast.body, cell_name,
  File "/opt/hostedtoolcache/Python/3.9.19/x64/lib/python3.9/site-packages/IPython/core/interactiveshell.py", line 3490, in run_ast_nodes
    if await self.run_code(code, result, async_=asy):
  File "/opt/hostedtoolcache/Python/3.9.19/x64/lib/python3.9/site-packages/IPython/core/interactiveshell.py", line 3550, in run_code
    exec(code_obj, self.user_global_ns, self.user_ns)
  File "/tmp/ipykernel_1940/182719127.py", line 1, in <module>
    from cvx.util import cvx, maximize
  File "/home/runner/work/epfl/epfl/book/docs/cvx/util.py", line 2, in <module>
    import cvxpy as cvx
  File "/opt/hostedtoolcache/Python/3.9.19/x64/lib/python3.9/site-packages/cvxpy/__init__.py", line 56, in <module>
    from cvxpy.problems.problem import Problem as Problem
  File "/opt/hostedtoolcache/Python/3.9.19/x64/lib/python3.9/site-packages/cvxpy/problems/problem.py", line 38, in <module>
    from cvxpy.reductions import InverseData
  File "/opt/hostedtoolcache/Python/3.9.19/x64/lib/python3.9/site-packages/cvxpy/reductions/__init__.py", line 31, in <module>
    from cvxpy.reductions.solvers.solving_chain import SolvingChain
  File "/opt/hostedtoolcache/Python/3.9.19/x64/lib/python3.9/site-packages/cvxpy/reductions/solvers/solving_chain.py", line 43, in <module>
    from cvxpy.reductions.solvers import defines as slv_def
  File "/opt/hostedtoolcache/Python/3.9.19/x64/lib/python3.9/site-packages/cvxpy/reductions/solvers/defines.py", line 117, in <module>
    INSTALLED_SOLVERS = installed_solvers()
  File "/opt/hostedtoolcache/Python/3.9.19/x64/lib/python3.9/site-packages/cvxpy/reductions/solvers/defines.py", line 106, in installed_solvers
    if solver.is_installed():
  File "/opt/hostedtoolcache/Python/3.9.19/x64/lib/python3.9/site-packages/cvxpy/reductions/solvers/solver.py", line 61, in is_installed
    self.import_solver()
  File "/opt/hostedtoolcache/Python/3.9.19/x64/lib/python3.9/site-packages/cvxpy/reductions/solvers/conic_solvers/scs_conif.py", line 161, in import_solver
    import scs  # noqa F401
  File "/opt/hostedtoolcache/Python/3.9.19/x64/lib/python3.9/site-packages/scs/__init__.py", line 4, in <module>
    import _scs_direct
----- stdout -----
(CVXPY) Jun 17 11:11:03 PM: Encountered unexpected exception importing solver SCS:
ImportError('numpy.core.multiarray failed to import')
----- stderr -----

A module that was compiled using NumPy 1.x cannot be run in
NumPy 2.0.0 as it may crash. To support both 1.x and 2.x
versions of NumPy, modules must be compiled with NumPy 2.0.
Some module may need to rebuild instead e.g. with 'pybind11>=2.12'.

If you are a user of the module, the easiest solution will be to
downgrade to 'numpy<2' or try to upgrade the affected module.
We expect that some modules will need time to support NumPy 2.

Traceback (most recent call last):  File "/opt/hostedtoolcache/Python/3.9.19/x64/lib/python3.9/runpy.py", line 197, in _run_module_as_main
    return _run_code(code, main_globals, None,
  File "/opt/hostedtoolcache/Python/3.9.19/x64/lib/python3.9/runpy.py", line 87, in _run_code
    exec(code, run_globals)
  File "/opt/hostedtoolcache/Python/3.9.19/x64/lib/python3.9/site-packages/ipykernel_launcher.py", line 18, in <module>
    app.launch_new_instance()
  File "/opt/hostedtoolcache/Python/3.9.19/x64/lib/python3.9/site-packages/traitlets/config/application.py", line 1075, in launch_instance
    app.start()
  File "/opt/hostedtoolcache/Python/3.9.19/x64/lib/python3.9/site-packages/ipykernel/kernelapp.py", line 739, in start
    self.io_loop.start()
  File "/opt/hostedtoolcache/Python/3.9.19/x64/lib/python3.9/site-packages/tornado/platform/asyncio.py", line 205, in start
    self.asyncio_loop.run_forever()
  File "/opt/hostedtoolcache/Python/3.9.19/x64/lib/python3.9/asyncio/base_events.py", line 601, in run_forever
    self._run_once()
  File "/opt/hostedtoolcache/Python/3.9.19/x64/lib/python3.9/asyncio/base_events.py", line 1905, in _run_once
    handle._run()
  File "/opt/hostedtoolcache/Python/3.9.19/x64/lib/python3.9/asyncio/events.py", line 80, in _run
    self._context.run(self._callback, *self._args)
  File "/opt/hostedtoolcache/Python/3.9.19/x64/lib/python3.9/site-packages/ipykernel/kernelbase.py", line 545, in dispatch_queue
    await self.process_one()
  File "/opt/hostedtoolcache/Python/3.9.19/x64/lib/python3.9/site-packages/ipykernel/kernelbase.py", line 534, in process_one
    await dispatch(*args)
  File "/opt/hostedtoolcache/Python/3.9.19/x64/lib/python3.9/site-packages/ipykernel/kernelbase.py", line 437, in dispatch_shell
    await result
  File "/opt/hostedtoolcache/Python/3.9.19/x64/lib/python3.9/site-packages/ipykernel/ipkernel.py", line 362, in execute_request
    await super().execute_request(stream, ident, parent)
  File "/opt/hostedtoolcache/Python/3.9.19/x64/lib/python3.9/site-packages/ipykernel/kernelbase.py", line 778, in execute_request
    reply_content = await reply_content
  File "/opt/hostedtoolcache/Python/3.9.19/x64/lib/python3.9/site-packages/ipykernel/ipkernel.py", line 449, in do_execute
    res = shell.run_cell(
  File "/opt/hostedtoolcache/Python/3.9.19/x64/lib/python3.9/site-packages/ipykernel/zmqshell.py", line 549, in run_cell
    return super().run_cell(*args, **kwargs)
  File "/opt/hostedtoolcache/Python/3.9.19/x64/lib/python3.9/site-packages/IPython/core/interactiveshell.py", line 3048, in run_cell
    result = self._run_cell(
  File "/opt/hostedtoolcache/Python/3.9.19/x64/lib/python3.9/site-packages/IPython/core/interactiveshell.py", line 3103, in _run_cell
    result = runner(coro)
  File "/opt/hostedtoolcache/Python/3.9.19/x64/lib/python3.9/site-packages/IPython/core/async_helpers.py", line 129, in _pseudo_sync_runner
    coro.send(None)
  File "/opt/hostedtoolcache/Python/3.9.19/x64/lib/python3.9/site-packages/IPython/core/interactiveshell.py", line 3308, in run_cell_async
    has_raised = await self.run_ast_nodes(code_ast.body, cell_name,
  File "/opt/hostedtoolcache/Python/3.9.19/x64/lib/python3.9/site-packages/IPython/core/interactiveshell.py", line 3490, in run_ast_nodes
    if await self.run_code(code, result, async_=asy):
  File "/opt/hostedtoolcache/Python/3.9.19/x64/lib/python3.9/site-packages/IPython/core/interactiveshell.py", line 3550, in run_code
    exec(code_obj, self.user_global_ns, self.user_ns)
  File "/tmp/ipykernel_1940/182719127.py", line 1, in <module>
    from cvx.util import cvx, maximize
  File "/home/runner/work/epfl/epfl/book/docs/cvx/util.py", line 2, in <module>
    import cvxpy as cvx
  File "/opt/hostedtoolcache/Python/3.9.19/x64/lib/python3.9/site-packages/cvxpy/__init__.py", line 56, in <module>
    from cvxpy.problems.problem import Problem as Problem
  File "/opt/hostedtoolcache/Python/3.9.19/x64/lib/python3.9/site-packages/cvxpy/problems/problem.py", line 38, in <module>
    from cvxpy.reductions import InverseData
  File "/opt/hostedtoolcache/Python/3.9.19/x64/lib/python3.9/site-packages/cvxpy/reductions/__init__.py", line 31, in <module>
    from cvxpy.reductions.solvers.solving_chain import SolvingChain
  File "/opt/hostedtoolcache/Python/3.9.19/x64/lib/python3.9/site-packages/cvxpy/reductions/solvers/solving_chain.py", line 43, in <module>
    from cvxpy.reductions.solvers import defines as slv_def
  File "/opt/hostedtoolcache/Python/3.9.19/x64/lib/python3.9/site-packages/cvxpy/reductions/solvers/defines.py", line 117, in <module>
    INSTALLED_SOLVERS = installed_solvers()
  File "/opt/hostedtoolcache/Python/3.9.19/x64/lib/python3.9/site-packages/cvxpy/reductions/solvers/defines.py", line 106, in installed_solvers
    if solver.is_installed():
  File "/opt/hostedtoolcache/Python/3.9.19/x64/lib/python3.9/site-packages/cvxpy/reductions/solvers/solver.py", line 61, in is_installed
    self.import_solver()
  File "/opt/hostedtoolcache/Python/3.9.19/x64/lib/python3.9/site-packages/cvxpy/reductions/solvers/conic_solvers/ecos_conif.py", line 76, in import_solver
    import ecos  # noqa F401
  File "/opt/hostedtoolcache/Python/3.9.19/x64/lib/python3.9/site-packages/ecos/__init__.py", line 1, in <module>
    from .ecos import solve, __solver_version__
  File "/opt/hostedtoolcache/Python/3.9.19/x64/lib/python3.9/site-packages/ecos/ecos.py", line 1, in <module>
    import _ecos
----- stdout -----
(CVXPY) Jun 17 11:11:03 PM: Encountered unexpected exception importing solver ECOS_BB:
ImportError('numpy.core.multiarray failed to import')
----- stderr -----

A module that was compiled using NumPy 1.x cannot be run in
NumPy 2.0.0 as it may crash. To support both 1.x and 2.x
versions of NumPy, modules must be compiled with NumPy 2.0.
Some module may need to rebuild instead e.g. with 'pybind11>=2.12'.

If you are a user of the module, the easiest solution will be to
downgrade to 'numpy<2' or try to upgrade the affected module.
We expect that some modules will need time to support NumPy 2.

Traceback (most recent call last):  File "/opt/hostedtoolcache/Python/3.9.19/x64/lib/python3.9/runpy.py", line 197, in _run_module_as_main
    return _run_code(code, main_globals, None,
  File "/opt/hostedtoolcache/Python/3.9.19/x64/lib/python3.9/runpy.py", line 87, in _run_code
    exec(code, run_globals)
  File "/opt/hostedtoolcache/Python/3.9.19/x64/lib/python3.9/site-packages/ipykernel_launcher.py", line 18, in <module>
    app.launch_new_instance()
  File "/opt/hostedtoolcache/Python/3.9.19/x64/lib/python3.9/site-packages/traitlets/config/application.py", line 1075, in launch_instance
    app.start()
  File "/opt/hostedtoolcache/Python/3.9.19/x64/lib/python3.9/site-packages/ipykernel/kernelapp.py", line 739, in start
    self.io_loop.start()
  File "/opt/hostedtoolcache/Python/3.9.19/x64/lib/python3.9/site-packages/tornado/platform/asyncio.py", line 205, in start
    self.asyncio_loop.run_forever()
  File "/opt/hostedtoolcache/Python/3.9.19/x64/lib/python3.9/asyncio/base_events.py", line 601, in run_forever
    self._run_once()
  File "/opt/hostedtoolcache/Python/3.9.19/x64/lib/python3.9/asyncio/base_events.py", line 1905, in _run_once
    handle._run()
  File "/opt/hostedtoolcache/Python/3.9.19/x64/lib/python3.9/asyncio/events.py", line 80, in _run
    self._context.run(self._callback, *self._args)
  File "/opt/hostedtoolcache/Python/3.9.19/x64/lib/python3.9/site-packages/ipykernel/kernelbase.py", line 545, in dispatch_queue
    await self.process_one()
  File "/opt/hostedtoolcache/Python/3.9.19/x64/lib/python3.9/site-packages/ipykernel/kernelbase.py", line 534, in process_one
    await dispatch(*args)
  File "/opt/hostedtoolcache/Python/3.9.19/x64/lib/python3.9/site-packages/ipykernel/kernelbase.py", line 437, in dispatch_shell
    await result
  File "/opt/hostedtoolcache/Python/3.9.19/x64/lib/python3.9/site-packages/ipykernel/ipkernel.py", line 362, in execute_request
    await super().execute_request(stream, ident, parent)
  File "/opt/hostedtoolcache/Python/3.9.19/x64/lib/python3.9/site-packages/ipykernel/kernelbase.py", line 778, in execute_request
    reply_content = await reply_content
  File "/opt/hostedtoolcache/Python/3.9.19/x64/lib/python3.9/site-packages/ipykernel/ipkernel.py", line 449, in do_execute
    res = shell.run_cell(
  File "/opt/hostedtoolcache/Python/3.9.19/x64/lib/python3.9/site-packages/ipykernel/zmqshell.py", line 549, in run_cell
    return super().run_cell(*args, **kwargs)
  File "/opt/hostedtoolcache/Python/3.9.19/x64/lib/python3.9/site-packages/IPython/core/interactiveshell.py", line 3048, in run_cell
    result = self._run_cell(
  File "/opt/hostedtoolcache/Python/3.9.19/x64/lib/python3.9/site-packages/IPython/core/interactiveshell.py", line 3103, in _run_cell
    result = runner(coro)
  File "/opt/hostedtoolcache/Python/3.9.19/x64/lib/python3.9/site-packages/IPython/core/async_helpers.py", line 129, in _pseudo_sync_runner
    coro.send(None)
  File "/opt/hostedtoolcache/Python/3.9.19/x64/lib/python3.9/site-packages/IPython/core/interactiveshell.py", line 3308, in run_cell_async
    has_raised = await self.run_ast_nodes(code_ast.body, cell_name,
  File "/opt/hostedtoolcache/Python/3.9.19/x64/lib/python3.9/site-packages/IPython/core/interactiveshell.py", line 3490, in run_ast_nodes
    if await self.run_code(code, result, async_=asy):
  File "/opt/hostedtoolcache/Python/3.9.19/x64/lib/python3.9/site-packages/IPython/core/interactiveshell.py", line 3550, in run_code
    exec(code_obj, self.user_global_ns, self.user_ns)
  File "/tmp/ipykernel_1940/182719127.py", line 1, in <module>
    from cvx.util import cvx, maximize
  File "/home/runner/work/epfl/epfl/book/docs/cvx/util.py", line 2, in <module>
    import cvxpy as cvx
  File "/opt/hostedtoolcache/Python/3.9.19/x64/lib/python3.9/site-packages/cvxpy/__init__.py", line 56, in <module>
    from cvxpy.problems.problem import Problem as Problem
  File "/opt/hostedtoolcache/Python/3.9.19/x64/lib/python3.9/site-packages/cvxpy/problems/problem.py", line 38, in <module>
    from cvxpy.reductions import InverseData
  File "/opt/hostedtoolcache/Python/3.9.19/x64/lib/python3.9/site-packages/cvxpy/reductions/__init__.py", line 31, in <module>
    from cvxpy.reductions.solvers.solving_chain import SolvingChain
  File "/opt/hostedtoolcache/Python/3.9.19/x64/lib/python3.9/site-packages/cvxpy/reductions/solvers/solving_chain.py", line 43, in <module>
    from cvxpy.reductions.solvers import defines as slv_def
  File "/opt/hostedtoolcache/Python/3.9.19/x64/lib/python3.9/site-packages/cvxpy/reductions/solvers/defines.py", line 117, in <module>
    INSTALLED_SOLVERS = installed_solvers()
  File "/opt/hostedtoolcache/Python/3.9.19/x64/lib/python3.9/site-packages/cvxpy/reductions/solvers/defines.py", line 110, in installed_solvers
    if solver.is_installed():
  File "/opt/hostedtoolcache/Python/3.9.19/x64/lib/python3.9/site-packages/cvxpy/reductions/solvers/solver.py", line 61, in is_installed
    self.import_solver()
  File "/opt/hostedtoolcache/Python/3.9.19/x64/lib/python3.9/site-packages/cvxpy/reductions/solvers/qp_solvers/osqp_qpif.py", line 30, in import_solver
    import osqp
  File "/opt/hostedtoolcache/Python/3.9.19/x64/lib/python3.9/site-packages/osqp/__init__.py", line 5, in <module>
    from osqp.interface import OSQP
  File "/opt/hostedtoolcache/Python/3.9.19/x64/lib/python3.9/site-packages/osqp/interface.py", line 6, in <module>
    import osqp._osqp as _osqp  # Internal low level module
----- stdout -----
(CVXPY) Jun 17 11:11:03 PM: Encountered unexpected exception importing solver OSQP:
ImportError('numpy.core.multiarray failed to import')
----- stderr -----
/opt/hostedtoolcache/Python/3.9.19/x64/lib/python3.9/site-packages/cvxpy/expressions/expression.py:650: UserWarning: 
This use of ``*`` has resulted in matrix multiplication.
Using ``*`` for matrix multiplication has been deprecated since CVXPY 1.1.
    Use ``*`` for matrix-scalar and vector-scalar multiplication.
    Use ``@`` for matrix-matrix and matrix-vector multiplication.
    Use ``multiply`` for elementwise multiplication.
This code path has been hit 1 times so far.

  warnings.warn(msg, UserWarning)
------------------

[0;31m---------------------------------------------------------------------------[0m
[0;31mImportError[0m                               Traceback (most recent call last)
Cell [0;32mIn[2], line 14[0m
[1;32m     12[0m x [38;5;241m=[39m cvx[38;5;241m.[39mVariable(n)
[1;32m     13[0m constraints [38;5;241m=[39m [cvx[38;5;241m.[39msum(x)[38;5;241m==[39m[38;5;241m1[39m, cvx[38;5;241m.[39mnorm(x,[38;5;241m1[39m)[38;5;241m<[39m[38;5;241m=[39m[38;5;241m1[39m[38;5;241m+[39m[38;5;241m2[39m[38;5;241m*[39mexcess, cvx[38;5;241m.[39mquad_form(x,C)[38;5;241m<[39m[38;5;241m=[39msigma_max[38;5;241m*[39msigma_max]
[0;32m---> 14[0m [43mmaximize[49m[43m([49m[43mobjective[49m[38;5;241;43m=[39;49m[43mx[49m[38;5;241;43m.[39;49m[43mT[49m[38;5;241;43m*[39;49m[43mmu[49m[43m,[49m[43m [49m[43mconstraints[49m[38;5;241;43m=[39;49m[43mconstraints[49m[43m)[49m
[1;32m     15[0m f [38;5;241m=[39m x[38;5;241m.[39mvalue
[1;32m     17[0m [38;5;28mprint[39m([38;5;124m"[39m[38;5;124mSum of positive weights: [39m[38;5;132;01m{0}[39;00m[38;5;124m"[39m[38;5;241m.[39mformat(np[38;5;241m.[39msum(f[f [38;5;241m>[39m [38;5;241m0[39m])))

File [0;32m~/work/epfl/epfl/book/docs/cvx/util.py:10[0m, in [0;36mmaximize[0;34m(objective, constraints)[0m
[1;32m      9[0m [38;5;28;01mdef[39;00m [38;5;21mmaximize[39m(objective, constraints[38;5;241m=[39m[38;5;28;01mNone[39;00m):
[0;32m---> 10[0m     [38;5;28;01mreturn[39;00m [43mcvx[49m[38;5;241;43m.[39;49m[43mProblem[49m[43m([49m[43mcvx[49m[38;5;241;43m.[39;49m[43mMaximize[49m[43m([49m[43mobjective[49m[43m)[49m[43m,[49m[43m [49m[43mconstraints[49m[43m)[49m[38;5;241;43m.[39;49m[43msolve[49m[43m([49m[43m)[49m

File [0;32m/opt/hostedtoolcache/Python/3.9.19/x64/lib/python3.9/site-packages/cvxpy/problems/problem.py:503[0m, in [0;36mProblem.solve[0;34m(self, *args, **kwargs)[0m
[1;32m    501[0m [38;5;28;01melse[39;00m:
[1;32m    502[0m     solve_func [38;5;241m=[39m Problem[38;5;241m.[39m_solve
[0;32m--> 503[0m [38;5;28;01mreturn[39;00m [43msolve_func[49m[43m([49m[38;5;28;43mself[39;49m[43m,[49m[43m [49m[38;5;241;43m*[39;49m[43margs[49m[43m,[49m[43m [49m[38;5;241;43m*[39;49m[38;5;241;43m*[39;49m[43mkwargs[49m[43m)[49m

File [0;32m/opt/hostedtoolcache/Python/3.9.19/x64/lib/python3.9/site-packages/cvxpy/problems/problem.py:1073[0m, in [0;36mProblem._solve[0;34m(self, solver, warm_start, verbose, gp, qcp, requires_grad, enforce_dpp, ignore_dpp, canon_backend, **kwargs)[0m
[1;32m   1070[0m         [38;5;28mself[39m[38;5;241m.[39munpack(chain[38;5;241m.[39mretrieve(soln))
[1;32m   1071[0m         [38;5;28;01mreturn[39;00m [38;5;28mself[39m[38;5;241m.[39mvalue
[0;32m-> 1073[0m data, solving_chain, inverse_data [38;5;241m=[39m [38;5;28;43mself[39;49m[38;5;241;43m.[39;49m[43mget_problem_data[49m[43m([49m
[1;32m   1074[0m [43m    [49m[43msolver[49m[43m,[49m[43m [49m[43mgp[49m[43m,[49m[43m [49m[43menforce_dpp[49m[43m,[49m[43m [49m[43mignore_dpp[49m[43m,[49m[43m [49m[43mverbose[49m[43m,[49m[43m [49m[43mcanon_backend[49m[43m,[49m[43m [49m[43mkwargs[49m
[1;32m   1075[0m [43m[49m[43m)[49m
[1;32m   1077[0m [38;5;28;01mif[39;00m verbose:
[1;32m   1078[0m     [38;5;28mprint[39m(_NUM_SOLVER_STR)

File [0;32m/opt/hostedtoolcache/Python/3.9.19/x64/lib/python3.9/site-packages/cvxpy/problems/problem.py:696[0m, in [0;36mProblem.get_problem_data[0;34m(self, solver, gp, enforce_dpp, ignore_dpp, verbose, canon_backend, solver_opts)[0m
[1;32m    693[0m     s[38;5;241m.[39mLOGGER[38;5;241m.[39minfo(
[1;32m    694[0m              [38;5;124m'[39m[38;5;124mCompiling problem (target solver=[39m[38;5;132;01m%s[39;00m[38;5;124m).[39m[38;5;124m'[39m, solver_name)
[1;32m    695[0m     s[38;5;241m.[39mLOGGER[38;5;241m.[39minfo([38;5;124m'[39m[38;5;124mReduction chain: [39m[38;5;132;01m%s[39;00m[38;5;124m'[39m, reduction_chain_str)
[0;32m--> 696[0m data, inverse_data [38;5;241m=[39m [43msolving_chain[49m[38;5;241;43m.[39;49m[43mapply[49m[43m([49m[38;5;28;43mself[39;49m[43m,[49m[43m [49m[43mverbose[49m[43m)[49m
[1;32m    697[0m safe_to_cache [38;5;241m=[39m (
[1;32m    698[0m     [38;5;28misinstance[39m(data, [38;5;28mdict[39m)
[1;32m    699[0m     [38;5;129;01mand[39;00m s[38;5;241m.[39mPARAM_PROB [38;5;129;01min[39;00m data
[1;32m    700[0m     [38;5;129;01mand[39;00m [38;5;129;01mnot[39;00m [38;5;28many[39m([38;5;28misinstance[39m(reduction, EvalParams)
[1;32m    701[0m                 [38;5;28;01mfor[39;00m reduction [38;5;129;01min[39;00m solving_chain[38;5;241m.[39mreductions)
[1;32m    702[0m )
[1;32m    703[0m [38;5;28mself[39m[38;5;241m.[39m_compilation_time [38;5;241m=[39m time[38;5;241m.[39mtime() [38;5;241m-[39m start

File [0;32m/opt/hostedtoolcache/Python/3.9.19/x64/lib/python3.9/site-packages/cvxpy/reductions/chain.py:76[0m, in [0;36mChain.apply[0;34m(self, problem, verbose)[0m
[1;32m     74[0m     [38;5;28;01mif[39;00m verbose:
[1;32m     75[0m         s[38;5;241m.[39mLOGGER[38;5;241m.[39minfo([38;5;124m'[39m[38;5;124mApplying reduction [39m[38;5;132;01m%s[39;00m[38;5;124m'[39m, [38;5;28mtype[39m(r)[38;5;241m.[39m[38;5;18m__name__[39m)
[0;32m---> 76[0m     problem, inv [38;5;241m=[39m [43mr[49m[38;5;241;43m.[39;49m[43mapply[49m[43m([49m[43mproblem[49m[43m)[49m
[1;32m     77[0m     inverse_data[38;5;241m.[39mappend(inv)
[1;32m     78[0m [38;5;28;01mreturn[39;00m problem, inverse_data

File [0;32m/opt/hostedtoolcache/Python/3.9.19/x64/lib/python3.9/site-packages/cvxpy/reductions/dcp2cone/cone_matrix_stuffing.py:346[0m, in [0;36mConeMatrixStuffing.apply[0;34m(self, problem)[0m
[1;32m    344[0m [38;5;66;03m# Form the constraints[39;00m
[1;32m    345[0m extractor [38;5;241m=[39m CoeffExtractor(inverse_data, [38;5;28mself[39m[38;5;241m.[39mcanon_backend)
[0;32m--> 346[0m params_to_P, params_to_c, flattened_variable [38;5;241m=[39m [38;5;28;43mself[39;49m[38;5;241;43m.[39;49m[43mstuffed_objective[49m[43m([49m
[1;32m    347[0m [43m    [49m[43mproblem[49m[43m,[49m[43m [49m[43mextractor[49m[43m)[49m
[1;32m    348[0m [38;5;66;03m# Lower equality and inequality to Zero and NonNeg.[39;00m
[1;32m    349[0m cons [38;5;241m=[39m []

File [0;32m/opt/hostedtoolcache/Python/3.9.19/x64/lib/python3.9/site-packages/cvxpy/reductions/dcp2cone/cone_matrix_stuffing.py:338[0m, in [0;36mConeMatrixStuffing.stuffed_objective[0;34m(self, problem, extractor)[0m
[1;32m    335[0m     params_to_P [38;5;241m=[39m [38;5;241m2[39m[38;5;241m*[39mparams_to_P
[1;32m    336[0m [38;5;28;01melse[39;00m:
[1;32m    337[0m     [38;5;66;03m# Extract to c.T * x + r; c is represented by a ma[39;00m
[0;32m--> 338[0m     params_to_c [38;5;241m=[39m [43mextractor[49m[38;5;241;43m.[39;49m[43maffine[49m[43m([49m[43mproblem[49m[38;5;241;43m.[39;49m[43mobjective[49m[38;5;241;43m.[39;49m[43mexpr[49m[43m)[49m
[1;32m    339[0m     params_to_P [38;5;241m=[39m [38;5;28;01mNone[39;00m
[1;32m    340[0m [38;5;28;01mreturn[39;00m params_to_P, params_to_c, x

File [0;32m/opt/hostedtoolcache/Python/3.9.19/x64/lib/python3.9/site-packages/cvxpy/utilities/coeff_extractor.py:72[0m, in [0;36mCoeffExtractor.affine[0;34m(self, expr)[0m
[1;32m     70[0m num_rows [38;5;241m=[39m [38;5;28msum[39m([e[38;5;241m.[39msize [38;5;28;01mfor[39;00m e [38;5;129;01min[39;00m expr_list])
[1;32m     71[0m op_list [38;5;241m=[39m [e[38;5;241m.[39mcanonical_form[[38;5;241m0[39m] [38;5;28;01mfor[39;00m e [38;5;129;01min[39;00m expr_list]
[0;32m---> 72[0m [38;5;28;01mreturn[39;00m [43mcanonInterface[49m[38;5;241;43m.[39;49m[43mget_problem_matrix[49m[43m([49m[43mop_list[49m[43m,[49m
[1;32m     73[0m [43m                                         [49m[38;5;28;43mself[39;49m[38;5;241;43m.[39;49m[43mx_length[49m[43m,[49m
[1;32m     74[0m [43m                                         [49m[38;5;28;43mself[39;49m[38;5;241;43m.[39;49m[43mid_map[49m[43m,[49m
[1;32m     75[0m [43m                                         [49m[38;5;28;43mself[39;49m[38;5;241;43m.[39;49m[43mparam_to_size[49m[43m,[49m
[1;32m     76[0m [43m                                         [49m[38;5;28;43mself[39;49m[38;5;241;43m.[39;49m[43mparam_id_map[49m[43m,[49m
[1;32m     77[0m [43m                                         [49m[43mnum_rows[49m[43m,[49m
[1;32m     78[0m [43m                                         [49m[38;5;28;43mself[39;49m[38;5;241;43m.[39;49m[43mcanon_backend[49m[43m)[49m

File [0;32m/opt/hostedtoolcache/Python/3.9.19/x64/lib/python3.9/site-packages/cvxpy/cvxcore/python/canonInterface.py:296[0m, in [0;36mget_problem_matrix[0;34m(linOps, var_length, id_to_col, param_to_size, param_to_col, constr_length, canon_backend)[0m
[1;32m    293[0m canon_backend [38;5;241m=[39m default_canon_backend [38;5;28;01mif[39;00m [38;5;129;01mnot[39;00m canon_backend [38;5;28;01melse[39;00m canon_backend
[1;32m    295[0m [38;5;28;01mif[39;00m canon_backend [38;5;241m==[39m s[38;5;241m.[39mCPP_CANON_BACKEND:
[0;32m--> 296[0m     [38;5;28;01mfrom[39;00m [38;5;21;01mcvxpy[39;00m[38;5;21;01m.[39;00m[38;5;21;01mcvxcore[39;00m[38;5;21;01m.[39;00m[38;5;21;01mpython[39;00m[38;5;21;01m.[39;00m[38;5;21;01mcppbackend[39;00m [38;5;28;01mimport[39;00m build_matrix
[1;32m    297[0m     [38;5;28;01mreturn[39;00m build_matrix(id_to_col, param_to_size, param_to_col, var_length, constr_length, linOps)
[1;32m    299[0m [38;5;28;01melif[39;00m canon_backend [38;5;129;01min[39;00m {s[38;5;241m.[39mSCIPY_CANON_BACKEND, s[38;5;241m.[39mRUST_CANON_BACKEND,
[1;32m    300[0m                        s[38;5;241m.[39mNUMPY_CANON_BACKEND}:

File [0;32m/opt/hostedtoolcache/Python/3.9.19/x64/lib/python3.9/site-packages/cvxpy/cvxcore/python/cppbackend.py:27[0m
[1;32m     24[0m [38;5;28;01mimport[39;00m [38;5;21;01mcvxpy[39;00m[38;5;21;01m.[39;00m[38;5;21;01msettings[39;00m [38;5;28;01mas[39;00m [38;5;21;01ms[39;00m
[1;32m     26[0m [38;5;28;01mtry[39;00m:
[0;32m---> 27[0m     [38;5;28;01mimport[39;00m [38;5;21;01mcvxpy[39;00m[38;5;21;01m.[39;00m[38;5;21;01mcvxcore[39;00m[38;5;21;01m.[39;00m[38;5;21;01mpython[39;00m[38;5;21;01m.[39;00m[38;5;21;01mcvxcore[39;00m [38;5;28;01mas[39;00m [38;5;21;01mcvxcore[39;00m
[1;32m     28[0m [38;5;28;01mexcept[39;00m [38;5;167;01mModuleNotFoundError[39;00m:
[1;32m     29[0m     [38;5;28;01mraise[39;00m [38;5;167;01mModuleNotFoundError[39;00m(
[1;32m     30[0m         [38;5;124m"[39m[38;5;124mTried using the C++ backend, but the cvxcore module was not installed.[39m[38;5;124m"[39m
[1;32m     31[0m     )

File [0;32m/opt/hostedtoolcache/Python/3.9.19/x64/lib/python3.9/site-packages/cvxpy/cvxcore/python/cvxcore.py:10[0m
[1;32m      8[0m [38;5;66;03m# Import the low-level C/C++ module[39;00m
[1;32m      9[0m [38;5;28;01mif[39;00m __package__ [38;5;129;01mor[39;00m [38;5;124m"[39m[38;5;124m.[39m[38;5;124m"[39m [38;5;129;01min[39;00m [38;5;18m__name__[39m:
[0;32m---> 10[0m     [38;5;28;01mfrom[39;00m [38;5;21;01m.[39;00m [38;5;28;01mimport[39;00m _cvxcore
[1;32m     11[0m [38;5;28;01melse[39;00m:
[1;32m     12[0m     [38;5;28;01mimport[39;00m [38;5;21;01m_cvxcore[39;00m

[0;31mImportError[0m: cannot import name '_cvxcore' from 'cvxpy.cvxcore.python' (/opt/hostedtoolcache/Python/3.9.19/x64/lib/python3.9/site-packages/cvxpy/cvxcore/python/__init__.py)

